app/build/intermediates/manifest_merge_blame_file/debug/manifest-merger-blame-debug-report.txt
1<?xml version="1.0" encoding="utf-8"?>
2<manifest xmlns:android="http://schemas.android.com/apk/res/android"
3    package="com.doozycod.axs"
4    android:versionCode="2"
5    android:versionName="2.3" >
6
7    <uses-sdk
8        android:minSdkVersion="23"
8-->src\main\AndroidManifest.xml
9        android:targetSdkVersion="26" />
9-->src\main\AndroidManifest.xml
10    <!--
11         The ACCESS_COARSE/FINE_LOCATION permissions are not required to use
12         Google Maps Android API v2, but you must specify either coarse or fine
13         location permissions for the "MyLocation" functionality.
14    -->
15    <uses-permission android:name="android.permission.RECORD_AUDIO" />
15-->src\main\AndroidManifest.xml:10:5-71
15-->src\main\AndroidManifest.xml:10:22-68
16
17    <uses-feature
17-->src\main\AndroidManifest.xml:12:5-14:35
18        android:name="android.hardware.microphone"
18-->src\main\AndroidManifest.xml:13:9-51
19        android:required="true" />
19-->src\main\AndroidManifest.xml:14:9-32
20
21    <uses-permission android:name="android.permission.ACCESS_FINE_LOCATION" />
21-->src\main\AndroidManifest.xml:16:5-79
21-->src\main\AndroidManifest.xml:16:22-76
22    <uses-permission android:name="android.permission.ACCESS_COARSE_LOCATION" />
22-->src\main\AndroidManifest.xml:17:5-81
22-->src\main\AndroidManifest.xml:17:22-78
23    <uses-permission android:name="android.permission.CALL_PHONE" />
23-->src\main\AndroidManifest.xml:18:5-69
23-->src\main\AndroidManifest.xml:18:22-66
24    <uses-permission android:name="android.permission.READ_PHONE_STATE" />
24-->src\main\AndroidManifest.xml:19:5-75
24-->src\main\AndroidManifest.xml:19:22-72
25    <uses-permission android:name="android.permission.INTERNET" />
25-->src\main\AndroidManifest.xml:20:5-67
25-->src\main\AndroidManifest.xml:20:22-64
26    <uses-permission android:name="android.permission.ACCESS_NETWORK_STATE" />
26-->src\main\AndroidManifest.xml:21:5-79
26-->src\main\AndroidManifest.xml:21:22-76
27    <uses-permission android:name="android.permission.CAMERA" />
27-->src\main\AndroidManifest.xml:22:5-65
27-->src\main\AndroidManifest.xml:22:22-62
28    <uses-permission android:name="android.permission.RECEIVE_BOOT_COMPLETED" />
28-->src\main\AndroidManifest.xml:23:5-81
28-->src\main\AndroidManifest.xml:23:22-78
29    <uses-permission android:name="android.permission.WAKE_LOCK" />
29-->src\main\AndroidManifest.xml:24:5-68
29-->src\main\AndroidManifest.xml:24:22-65
30    <uses-permission android:name="android.permission.WRITE_EXTERNAL_STORAGE" />
30-->src\main\AndroidManifest.xml:25:5-81
30-->src\main\AndroidManifest.xml:25:22-78
31    <uses-permission android:name="android.permission.READ_EXTERNAL_STORAGE" />
31-->src\main\AndroidManifest.xml:26:5-80
31-->src\main\AndroidManifest.xml:26:22-77
32    <uses-permission android:name="android.permission.VIBRATE" />
32-->src\main\AndroidManifest.xml:27:5-66
32-->src\main\AndroidManifest.xml:27:22-63
33    <uses-permission android:name="android.permission.RECORD_AUDIO" />
33-->src\main\AndroidManifest.xml:10:5-71
33-->src\main\AndroidManifest.xml:10:22-68
34    <uses-permission android:name="android.permission.ACCESS_WIFI_STATE" />
34-->src\main\AndroidManifest.xml:29:5-76
34-->src\main\AndroidManifest.xml:29:22-73
35
36    <permission
36-->src\main\AndroidManifest.xml:31:5-34:44
37        android:name="android.permission.FLASHLIGHT"
37-->src\main\AndroidManifest.xml:32:9-53
38        android:permissionGroup="android.permission-group.HARDWARE_CONTROLS"
38-->src\main\AndroidManifest.xml:33:9-77
39        android:protectionLevel="normal" />
39-->src\main\AndroidManifest.xml:34:9-41
40
41    <uses-feature android:name="android.hardware.camera" />
41-->src\main\AndroidManifest.xml:36:5-60
41-->src\main\AndroidManifest.xml:36:19-57
42    <uses-feature android:name="android.hardware.camera.autofocus" />
42-->src\main\AndroidManifest.xml:37:5-70
42-->src\main\AndroidManifest.xml:37:19-67
43
44    <!-- android:installLocation="auto"   BOOT_COMPLETE is sent to applications before external storage is mounted. So if application is installed to external storage it won't receive BOOT_COMPLETE broadcast message. -->
45    <!-- <uses-sdk android:minSdkVersion="9" android:targetSdkVersion="28" /> -->
46    <uses-feature
46-->[:AJVoIP] AndroidManifest.xml:23:5-25:36
47        android:name="android.hardware.audio.low_latency"
47-->[:AJVoIP] AndroidManifest.xml:24:9-58
48        android:required="false" />
48-->[:AJVoIP] AndroidManifest.xml:25:9-33
49    <uses-feature
49-->[:AJVoIP] AndroidManifest.xml:26:5-28:36
50        android:name="android.hardware.audio.output"
50-->[:AJVoIP] AndroidManifest.xml:27:9-53
51        android:required="false" />
51-->[:AJVoIP] AndroidManifest.xml:28:9-33
52    <uses-feature
52-->[:AJVoIP] AndroidManifest.xml:29:5-31:36
53        android:name="android.hardware.audio.pro"
53-->[:AJVoIP] AndroidManifest.xml:30:9-50
54        android:required="false" />
54-->[:AJVoIP] AndroidManifest.xml:31:9-33
55    <uses-feature
55-->[:AJVoIP] AndroidManifest.xml:32:5-34:36
56        android:name="android.hardware.telephony"
56-->[:AJVoIP] AndroidManifest.xml:33:9-50
57        android:required="false" />
57-->[:AJVoIP] AndroidManifest.xml:34:9-33
58    <uses-feature
58-->[:AJVoIP] AndroidManifest.xml:35:5-37:36
59        android:name="android.hardware.bluetooth"
59-->[:AJVoIP] AndroidManifest.xml:36:9-50
60        android:required="false" />
60-->[:AJVoIP] AndroidManifest.xml:37:9-33
61    <uses-feature
61-->[:AJVoIP] AndroidManifest.xml:38:5-40:36
62        android:name="android.hardware.wifi"
62-->[:AJVoIP] AndroidManifest.xml:39:9-45
63        android:required="false" />
63-->[:AJVoIP] AndroidManifest.xml:40:9-33
64    <uses-feature
64-->[:AJVoIP] AndroidManifest.xml:44:5-46:36
65        android:name="android.hardware.sensor.proximity"
65-->[:AJVoIP] AndroidManifest.xml:45:9-57
66        android:required="false" />
66-->[:AJVoIP] AndroidManifest.xml:46:9-33
67    <uses-feature
67-->[:AJVoIP] AndroidManifest.xml:53:5-55:36
68        android:name="android.hardware.camera.front"
68-->[:AJVoIP] AndroidManifest.xml:54:9-53
69        android:required="false" />
69-->[:AJVoIP] AndroidManifest.xml:55:9-33
70    <uses-feature
70-->[:AJVoIP] AndroidManifest.xml:56:5-58:36
71        android:name="android.hardware.camera.any"
71-->[:AJVoIP] AndroidManifest.xml:57:9-51
72        android:required="false" />
72-->[:AJVoIP] AndroidManifest.xml:58:9-33
73    <uses-feature
73-->[:AJVoIP] AndroidManifest.xml:59:5-61:36
74        android:name="android.software.sip"
74-->[:AJVoIP] AndroidManifest.xml:60:9-44
75        android:required="false" />
75-->[:AJVoIP] AndroidManifest.xml:61:9-33
76    <uses-feature
76-->[:AJVoIP] AndroidManifest.xml:62:5-64:36
77        android:name="android.software.sip.voip"
77-->[:AJVoIP] AndroidManifest.xml:63:9-49
78        android:required="false" />
78-->[:AJVoIP] AndroidManifest.xml:64:9-33
79    <uses-feature
79-->[:AJVoIP] AndroidManifest.xml:65:5-67:36
80        android:name="android.software.webview"
80-->[:AJVoIP] AndroidManifest.xml:66:9-48
81        android:required="false" />
81-->[:AJVoIP] AndroidManifest.xml:67:9-33
82
83    <uses-permission android:name="android.permission.BLUETOOTH" />
83-->[:AJVoIP] AndroidManifest.xml:73:5-68
83-->[:AJVoIP] AndroidManifest.xml:73:22-65
84    <uses-permission android:name="android.permission.CHANGE_NETWORK_STATE" />
84-->[:AJVoIP] AndroidManifest.xml:74:5-79
84-->[:AJVoIP] AndroidManifest.xml:74:22-76
85    <uses-permission android:name="android.permission.CHANGE_WIFI_STATE" />
85-->[:AJVoIP] AndroidManifest.xml:75:5-76
85-->[:AJVoIP] AndroidManifest.xml:75:22-73
86    <uses-permission android:name="android.permission.DISABLE_KEYGUARD" />
86-->[:AJVoIP] AndroidManifest.xml:76:5-75
86-->[:AJVoIP] AndroidManifest.xml:76:22-72
87    <uses-permission android:name="android.permission.MODIFY_AUDIO_SETTINGS" />
87-->[:AJVoIP] AndroidManifest.xml:77:5-80
87-->[:AJVoIP] AndroidManifest.xml:77:22-77
88
89    <uses-feature
89-->[com.google.android.gms:play-services-maps:17.0.0] AndroidManifest.xml:26:5-28:35
90        android:glEsVersion="0x00020000"
90-->[com.google.android.gms:play-services-maps:17.0.0] AndroidManifest.xml:27:9-41
91        android:required="true" />
91-->[com.google.android.gms:play-services-maps:17.0.0] AndroidManifest.xml:28:9-32
92
93    <uses-permission android:name="android.permission.FOREGROUND_SERVICE" />
93-->[androidx.work:work-runtime:2.4.0] AndroidManifest.xml:28:5-77
93-->[androidx.work:work-runtime:2.4.0] AndroidManifest.xml:28:22-74
94
95    <application
95-->src\main\AndroidManifest.xml:39:5-129:19
96        android:allowBackup="false"
96-->src\main\AndroidManifest.xml:40:9-36
97        android:appComponentFactory="androidx.core.app.CoreComponentFactory"
97-->[androidx.core:core:1.3.1] AndroidManifest.xml:24:18-86
98        android:debuggable="true"
99        android:extractNativeLibs="false"
100        android:icon="@drawable/axs_logo"
100-->src\main\AndroidManifest.xml:41:9-42
101        android:label="@string/app_name"
101-->src\main\AndroidManifest.xml:42:9-41
102        android:requestLegacyExternalStorage="true"
102-->src\main\AndroidManifest.xml:43:9-52
103        android:roundIcon="@drawable/axs_logo"
103-->src\main\AndroidManifest.xml:44:9-47
104        android:supportsRtl="true"
104-->src\main\AndroidManifest.xml:45:9-35
105        android:theme="@style/AppTheme"
105-->src\main\AndroidManifest.xml:46:9-40
106        android:usesCleartextTraffic="true" >
106-->src\main\AndroidManifest.xml:47:9-44
107        <activity android:name="com.doozycod.axs.Activity.ArrivalTimeMapTypeActivity" />
107-->src\main\AndroidManifest.xml:49:9-82
107-->src\main\AndroidManifest.xml:49:19-70
108        <activity android:name="com.doozycod.axs.UpdateDebug.RouteMarker.MapRouteActivity" />
108-->src\main\AndroidManifest.xml:50:9-78
108-->src\main\AndroidManifest.xml:50:19-75
109        <activity android:name="com.doozycod.axs.UpdateDebug.PhoneCallActivity" />
109-->src\main\AndroidManifest.xml:51:9-67
109-->src\main\AndroidManifest.xml:51:19-64
110        <activity android:name="com.doozycod.axs.UpdateDebug.SelfDispatchActivity" />
110-->src\main\AndroidManifest.xml:52:9-70
110-->src\main\AndroidManifest.xml:52:19-67
111        <activity android:name="com.doozycod.axs.UpdateDebug.MenuActivity" />
111-->src\main\AndroidManifest.xml:53:9-62
111-->src\main\AndroidManifest.xml:53:19-59
112        <activity android:name="com.doozycod.axs.UpdateDebug.ScannerActivity" />
112-->src\main\AndroidManifest.xml:54:9-65
112-->src\main\AndroidManifest.xml:54:19-62
113        <activity android:name="com.doozycod.axs.Activity.TaskInfoUpdateActivity" />
113-->src\main\AndroidManifest.xml:55:9-69
113-->src\main\AndroidManifest.xml:55:19-66
114        <activity android:name="com.doozycod.axs.Activity.ShowListOfTaskGroupByLocationKeyActivity" />
114-->src\main\AndroidManifest.xml:56:9-87
114-->src\main\AndroidManifest.xml:56:19-84
115        <activity android:name="com.doozycod.axs.Activity.ShowPackageDetailsActivity" />
115-->src\main\AndroidManifest.xml:57:9-73
115-->src\main\AndroidManifest.xml:57:19-70
116        <activity
116-->src\main\AndroidManifest.xml:58:9-60:59
117            android:name="com.doozycod.axs.Activity.ScreenSlidePagerActivity"
117-->src\main\AndroidManifest.xml:59:13-62
118            android:theme="@style/AppTheme.NoActionBar" />
118-->src\main\AndroidManifest.xml:60:13-56
119        <activity
119-->src\main\AndroidManifest.xml:61:9-63:59
120            android:name="com.doozycod.axs.Activity.ShipmentActivity"
120-->src\main\AndroidManifest.xml:62:13-54
121            android:theme="@style/AppTheme.NoActionBar" />
121-->src\main\AndroidManifest.xml:63:13-56
122        <activity
122-->src\main\AndroidManifest.xml:64:9-66:59
123            android:name="com.doozycod.axs.Activity.ChooseCompanyActivity"
123-->src\main\AndroidManifest.xml:65:13-59
124            android:theme="@style/AppTheme.NoActionBar" />
124-->src\main\AndroidManifest.xml:66:13-56
125        <activity android:name="com.doozycod.axs.Activity.SignatureActivity" />
125-->src\main\AndroidManifest.xml:67:9-64
125-->src\main\AndroidManifest.xml:67:19-61
126        <activity android:name="com.doozycod.axs.Activity.GPS_StatusActivity" />
126-->src\main\AndroidManifest.xml:68:9-65
126-->src\main\AndroidManifest.xml:68:19-62
127        <activity android:name="com.doozycod.axs.Activity.ScanPackageActivity" />
127-->src\main\AndroidManifest.xml:69:9-66
127-->src\main\AndroidManifest.xml:69:19-63
128
129        <service android:name="com.doozycod.axs.BackgroudService.Workers.SyncRemoteServerService" />
129-->src\main\AndroidManifest.xml:71:9-85
129-->src\main\AndroidManifest.xml:71:18-82
130        <service android:name="com.doozycod.axs.BackgroudService.Workers.LocationService" />
130-->src\main\AndroidManifest.xml:72:9-77
130-->src\main\AndroidManifest.xml:72:18-74
131        <service android:name="com.doozycod.axs.BackgroudService.Workers.UploadImageService" />
131-->src\main\AndroidManifest.xml:73:9-80
131-->src\main\AndroidManifest.xml:73:18-77
132        <service android:name="com.doozycod.axs.BackgroudService.Workers.Foreground_GPS_Service" />
132-->src\main\AndroidManifest.xml:74:9-84
132-->src\main\AndroidManifest.xml:74:18-81
133        <!--
134             The API key for Google Maps-based APIs is defined as a string resource.
135             (See the file "res/values/google_maps_api.xml").
136             Note that the API key is linked to the encryption key used to sign the APK.
137             You need a different API key for each encryption key, including the release key that is used to
138             sign the APK for publishing.
139             You can define the keys for the debug and release targets in src/debug/ and src/release/.
140        -->
141        <meta-data
141-->src\main\AndroidManifest.xml:83:9-85:71
142            android:name="com.google.android.maps.v2.API_KEY"
142-->src\main\AndroidManifest.xml:84:13-62
143            android:value="AIzaSyAcbjVoNzSurPy7HAKBOnW1cuAEITkMjWM" />
143-->src\main\AndroidManifest.xml:85:13-68
144
145        <activity android:name="com.doozycod.axs.MainActivity" >
145-->src\main\AndroidManifest.xml:87:9-93:20
145-->src\main\AndroidManifest.xml:87:19-47
146            <intent-filter>
146-->src\main\AndroidManifest.xml:88:13-92:29
147                <action android:name="android.intent.action.MAIN" />
147-->src\main\AndroidManifest.xml:89:17-69
147-->src\main\AndroidManifest.xml:89:25-66
148
149                <category android:name="android.intent.category.LAUNCHER" />
149-->src\main\AndroidManifest.xml:91:17-77
149-->src\main\AndroidManifest.xml:91:27-74
150            </intent-filter>
151        </activity>
152        <activity android:name="com.doozycod.axs.gmap.turn.GmapTurnNavActivity" />
152-->src\main\AndroidManifest.xml:94:9-67
152-->src\main\AndroidManifest.xml:94:19-64
153        <!--
154Developers should put application credentials here.To obtain them, please register the application
155         at https://developer.here.com/develop/mobile-sdks
156        -->
157        <!-- <meta-data -->
158        <!-- android:name="com.here.android.maps.appid" -->
159        <!-- android:value="CvjeJJL4RUq34uKkpxiP" /> -->
160        <!-- <meta-data -->
161        <!-- android:name="com.here.android.maps.apptoken" -->
162        <!-- android:value="EX4lKdnXTfofi4ZyXrT9ww" /> -->
163        <!-- <meta-data -->
164        <!-- android:name="com.here.android.maps.license.key" -->
165        <!-- android:value="UkvYc18cLZWcphRt69S/BUxLTzd1VOSnk1Jf8lbFlGsN2bIieGCFjWWC61svXaCvK3tLhC6eRY0I1bMitKdVhuhka226GHYcabEx6XWUTRIZ4xdbyvOCs6RGMwzfj2kdqgjyFBBU8xKECE+hqnldl/hdCt8TvEQSpt4W81/HnycMMpKUngKlFkRw3yEba5pS8Yb9Zl6FYhwruIur03fBOtSZr4dtB37pE9EpGUzMi3gBBJrV5tS1vDkFbd0A446DAmgLd6xARlF/SXZoLGV5nkCyy3u9k7+PPqSZzo8wJyPMMhT6EFwJpqes+hU4kiWRTm7Sp+lW8xuyBSGybeX6deO2nmA8YUGWUgRCcmhc/DzJLH6IoqjkhbPbP2EiVgpstghdZF0oR/3R4ZNq7YCxr0Dn2d5XZVUY0cZjQV6SyA2nb7/oxpxCQ6qxfzEMSZ/N52v6L/CMkKc9Oi4V/ul6z5pLUheJV4AmAEEPcFFNhQ6aMhfM5PAXxn6rTHdZ1sjBfBRccrTLEJNQnHgyc2wYg/gi8hn24DsluvQ3wH+K+n4vib7MyYlsQRLFtZ/4KNjeNXdB4TqcL65zumgiVUo9FmTCQidmSWsgYJygcLF96Ojzg4qlgI1ZSFrbcqmGRwRJpx8lMvODH/U0rqyP23nzk1Zqp+sUhli3YhBRvvF9wC8=" /> -->
166        <!-- <meta-data -->
167        <!-- android:name="com.here.android.maps.appid" -->
168        <!-- android:value="7MOPdv2jnUXMtG1mKtMf" /> -->
169        <!-- <meta-data -->
170        <!-- android:name="com.here.android.maps.apptoken" -->
171        <!-- android:value="0iuUmi_XwVgdk4jpxB1xZQ" /> -->
172        <!-- <meta-data -->
173        <!-- android:name="com.here.android.maps.license.key" -->
174        <!-- android:value="NWMe0pLEUw9js8gzAREu7AmIT+j0Vhf9wVac9DwCHedd+KTzaSnSiQgXAd+5f8LAbyr+sXeGFIk1x7fsmEGGr3Z1Lh7McYPTXW+44y8Mq9nRx5AyVLoufMzV+5csYjEr6pSzmEtabyvzUx2PhStMoiKUdY/wjW2d6VLoNCwpZ+c00+PvGynv536xv8d+/9WGQ4Oitnhg1sdOR4rWdb+937zexwjxtC7cYRyrCEaQn2kk4WQGKJgYqwWKawdla5eiBsYPZYo99SAbqoZXaMaRfLJm6w5MpSNBo4Da8J97UL1X7maXCxx0RS+4rIMDFJ7qkJasgeFt5N+sbXuzfCQ754NbYiVv/b9Z8djwklgSWp3UFofKR+pmwC7Td8PAGpUMLY8w4D61Naz71MSZ3+WAjyClgwTo6NGo9591sb0W4cskFyLUSsP0EV37bwfZX/hpd9957HgX3R88J3F5b2aN8CgItoMqE0PIRxsPIB0MNNhai+MyJhG1BZoilo8U0j2PcHdoMVbjuJTcmDN9VzBboVNDpifleEIYKerKNUkNi2aihKMUtaRgE0Ub0W6NlqORrP1LRF0X6oAOXjoPyNcCs10ovqM90QezK/JHrrg+Vej9DjCLztQE04DVPpx7cXlDpNNkWpj3UqsH1xgt3wAwwYwZDBm2nOOnHcXs2o9386g=" /> -->
175
176        <provider
177            android:name="androidx.core.content.FileProvider"
177-->src\main\AndroidManifest.xml:120:13-62
178            android:authorities="com.doozycod.axs.provider"
178-->src\main\AndroidManifest.xml:121:13-60
179            android:exported="false"
179-->src\main\AndroidManifest.xml:122:13-37
180            android:grantUriPermissions="true" >
180-->src\main\AndroidManifest.xml:123:13-47
181            <meta-data
181-->src\main\AndroidManifest.xml:124:13-126:54
182                android:name="android.support.FILE_PROVIDER_PATHS"
182-->src\main\AndroidManifest.xml:125:17-67
183                android:resource="@xml/file_paths" />
183-->src\main\AndroidManifest.xml:126:17-51
184        </provider>
185
186        <service android:name="com.doozycod.axs.gmap.turn.HereTurnForegroundService" />
186-->src\main\AndroidManifest.xml:128:9-72
186-->src\main\AndroidManifest.xml:128:18-69
187
188        <meta-data
188-->[com.google.maps.android:android-maps-utils:0.4.3] AndroidManifest.xml:8:9-10:69
189            android:name="com.google.android.gms.version"
189-->[com.google.maps.android:android-maps-utils:0.4.3] AndroidManifest.xml:9:13-58
190            android:value="@integer/google_play_services_version" />
190-->[com.google.maps.android:android-maps-utils:0.4.3] AndroidManifest.xml:10:13-66
191
192        <activity
192-->[com.github.dhaval2404:imagepicker:1.7.5] AndroidManifest.xml:15:9-18:68
193            android:name="com.github.dhaval2404.imagepicker.ImagePickerActivity"
193-->[com.github.dhaval2404:imagepicker:1.7.5] AndroidManifest.xml:16:13-81
194            android:screenOrientation="unspecified"
194-->[com.github.dhaval2404:imagepicker:1.7.5] AndroidManifest.xml:17:13-52
195            android:theme="@style/Theme.Transparent.ImagePicker" />
195-->[com.github.dhaval2404:imagepicker:1.7.5] AndroidManifest.xml:18:13-65
196        <activity
196-->[com.github.dhaval2404:imagepicker:1.7.5] AndroidManifest.xml:19:9-22:72
197            android:name="com.yalantis.ucrop.UCropActivity"
197-->[com.github.dhaval2404:imagepicker:1.7.5] AndroidManifest.xml:20:13-60
198            android:screenOrientation="portrait"
198-->[com.github.dhaval2404:imagepicker:1.7.5] AndroidManifest.xml:21:13-49
199            android:theme="@style/Theme.AppCompat.Light.NoActionBar" />
199-->[com.github.dhaval2404:imagepicker:1.7.5] AndroidManifest.xml:22:13-69
200
201        <provider
201-->[com.github.dhaval2404:imagepicker:1.7.5] AndroidManifest.xml:24:9-32:20
202            android:name="com.github.dhaval2404.imagepicker.ImagePickerFileProvider"
202-->[com.github.dhaval2404:imagepicker:1.7.5] AndroidManifest.xml:25:13-85
203            android:authorities="com.doozycod.axs.imagepicker.provider"
203-->[com.github.dhaval2404:imagepicker:1.7.5] AndroidManifest.xml:26:13-72
204            android:exported="false"
204-->[com.github.dhaval2404:imagepicker:1.7.5] AndroidManifest.xml:27:13-37
205            android:grantUriPermissions="true" >
205-->[com.github.dhaval2404:imagepicker:1.7.5] AndroidManifest.xml:28:13-47
206            <meta-data
206-->src\main\AndroidManifest.xml:124:13-126:54
207                android:name="android.support.FILE_PROVIDER_PATHS"
207-->src\main\AndroidManifest.xml:125:17-67
208                android:resource="@xml/image_picker_provider_paths" />
208-->src\main\AndroidManifest.xml:126:17-51
209        </provider> <!-- Needs to be explicitly declared on P+ -->
210        <uses-library
210-->[com.google.android.gms:play-services-maps:17.0.0] AndroidManifest.xml:33:9-35:40
211            android:name="org.apache.http.legacy"
211-->[com.google.android.gms:play-services-maps:17.0.0] AndroidManifest.xml:34:13-50
212            android:required="false" />
212-->[com.google.android.gms:play-services-maps:17.0.0] AndroidManifest.xml:35:13-37
213
214        <provider
214-->[androidx.work:work-runtime:2.4.0] AndroidManifest.xml:31:9-37:35
215            android:name="androidx.work.impl.WorkManagerInitializer"
215-->[androidx.work:work-runtime:2.4.0] AndroidManifest.xml:32:13-69
216            android:authorities="com.doozycod.axs.workmanager-init"
216-->[androidx.work:work-runtime:2.4.0] AndroidManifest.xml:33:13-68
217            android:directBootAware="false"
217-->[androidx.work:work-runtime:2.4.0] AndroidManifest.xml:34:13-44
218            android:exported="false"
218-->[androidx.work:work-runtime:2.4.0] AndroidManifest.xml:35:13-37
219            android:multiprocess="true" />
219-->[androidx.work:work-runtime:2.4.0] AndroidManifest.xml:36:13-40
220
221        <service
221-->[androidx.work:work-runtime:2.4.0] AndroidManifest.xml:39:9-44:35
222            android:name="androidx.work.impl.background.systemalarm.SystemAlarmService"
222-->[androidx.work:work-runtime:2.4.0] AndroidManifest.xml:40:13-88
223            android:directBootAware="false"
223-->[androidx.work:work-runtime:2.4.0] AndroidManifest.xml:41:13-44
224            android:enabled="@bool/enable_system_alarm_service_default"
224-->[androidx.work:work-runtime:2.4.0] AndroidManifest.xml:42:13-72
225            android:exported="false" />
225-->[androidx.work:work-runtime:2.4.0] AndroidManifest.xml:43:13-37
226        <service
226-->[androidx.work:work-runtime:2.4.0] AndroidManifest.xml:45:9-51:35
227            android:name="androidx.work.impl.background.systemjob.SystemJobService"
227-->[androidx.work:work-runtime:2.4.0] AndroidManifest.xml:46:13-84
228            android:directBootAware="false"
228-->[androidx.work:work-runtime:2.4.0] AndroidManifest.xml:47:13-44
229            android:enabled="@bool/enable_system_job_service_default"
229-->[androidx.work:work-runtime:2.4.0] AndroidManifest.xml:48:13-70
230            android:exported="true"
230-->[androidx.work:work-runtime:2.4.0] AndroidManifest.xml:49:13-36
231            android:permission="android.permission.BIND_JOB_SERVICE" />
231-->[androidx.work:work-runtime:2.4.0] AndroidManifest.xml:50:13-69
232        <service
232-->[androidx.work:work-runtime:2.4.0] AndroidManifest.xml:52:9-57:35
233            android:name="androidx.work.impl.foreground.SystemForegroundService"
233-->[androidx.work:work-runtime:2.4.0] AndroidManifest.xml:53:13-81
234            android:directBootAware="false"
234-->[androidx.work:work-runtime:2.4.0] AndroidManifest.xml:54:13-44
235            android:enabled="@bool/enable_system_foreground_service_default"
235-->[androidx.work:work-runtime:2.4.0] AndroidManifest.xml:55:13-77
236            android:exported="false" />
236-->[androidx.work:work-runtime:2.4.0] AndroidManifest.xml:56:13-37
237
238        <receiver
238-->[androidx.work:work-runtime:2.4.0] AndroidManifest.xml:59:9-64:35
239            android:name="androidx.work.impl.utils.ForceStopRunnable$BroadcastReceiver"
239-->[androidx.work:work-runtime:2.4.0] AndroidManifest.xml:60:13-88
240            android:directBootAware="false"
240-->[androidx.work:work-runtime:2.4.0] AndroidManifest.xml:61:13-44
241            android:enabled="true"
241-->[androidx.work:work-runtime:2.4.0] AndroidManifest.xml:62:13-35
242            android:exported="false" />
242-->[androidx.work:work-runtime:2.4.0] AndroidManifest.xml:63:13-37
243        <receiver
243-->[androidx.work:work-runtime:2.4.0] AndroidManifest.xml:65:9-75:20
244            android:name="androidx.work.impl.background.systemalarm.ConstraintProxy$BatteryChargingProxy"
244-->[androidx.work:work-runtime:2.4.0] AndroidManifest.xml:66:13-106
245            android:directBootAware="false"
245-->[androidx.work:work-runtime:2.4.0] AndroidManifest.xml:67:13-44
246            android:enabled="false"
246-->[androidx.work:work-runtime:2.4.0] AndroidManifest.xml:68:13-36
247            android:exported="false" >
247-->[androidx.work:work-runtime:2.4.0] AndroidManifest.xml:69:13-37
248            <intent-filter>
248-->[androidx.work:work-runtime:2.4.0] AndroidManifest.xml:71:13-74:29
249                <action android:name="android.intent.action.ACTION_POWER_CONNECTED" />
249-->[androidx.work:work-runtime:2.4.0] AndroidManifest.xml:72:17-87
249-->[androidx.work:work-runtime:2.4.0] AndroidManifest.xml:72:25-84
250                <action android:name="android.intent.action.ACTION_POWER_DISCONNECTED" />
250-->[androidx.work:work-runtime:2.4.0] AndroidManifest.xml:73:17-90
250-->[androidx.work:work-runtime:2.4.0] AndroidManifest.xml:73:25-87
251            </intent-filter>
252        </receiver>
253        <receiver
253-->[androidx.work:work-runtime:2.4.0] AndroidManifest.xml:76:9-86:20
254            android:name="androidx.work.impl.background.systemalarm.ConstraintProxy$BatteryNotLowProxy"
254-->[androidx.work:work-runtime:2.4.0] AndroidManifest.xml:77:13-104
255            android:directBootAware="false"
255-->[androidx.work:work-runtime:2.4.0] AndroidManifest.xml:78:13-44
256            android:enabled="false"
256-->[androidx.work:work-runtime:2.4.0] AndroidManifest.xml:79:13-36
257            android:exported="false" >
257-->[androidx.work:work-runtime:2.4.0] AndroidManifest.xml:80:13-37
258            <intent-filter>
258-->[androidx.work:work-runtime:2.4.0] AndroidManifest.xml:82:13-85:29
259                <action android:name="android.intent.action.BATTERY_OKAY" />
259-->[androidx.work:work-runtime:2.4.0] AndroidManifest.xml:83:17-77
259-->[androidx.work:work-runtime:2.4.0] AndroidManifest.xml:83:25-74
260                <action android:name="android.intent.action.BATTERY_LOW" />
260-->[androidx.work:work-runtime:2.4.0] AndroidManifest.xml:84:17-76
260-->[androidx.work:work-runtime:2.4.0] AndroidManifest.xml:84:25-73
261            </intent-filter>
262        </receiver>
263        <receiver
263-->[androidx.work:work-runtime:2.4.0] AndroidManifest.xml:87:9-97:20
264            android:name="androidx.work.impl.background.systemalarm.ConstraintProxy$StorageNotLowProxy"
264-->[androidx.work:work-runtime:2.4.0] AndroidManifest.xml:88:13-104
265            android:directBootAware="false"
265-->[androidx.work:work-runtime:2.4.0] AndroidManifest.xml:89:13-44
266            android:enabled="false"
266-->[androidx.work:work-runtime:2.4.0] AndroidManifest.xml:90:13-36
267            android:exported="false" >
267-->[androidx.work:work-runtime:2.4.0] AndroidManifest.xml:91:13-37
268            <intent-filter>
268-->[androidx.work:work-runtime:2.4.0] AndroidManifest.xml:93:13-96:29
269                <action android:name="android.intent.action.DEVICE_STORAGE_LOW" />
269-->[androidx.work:work-runtime:2.4.0] AndroidManifest.xml:94:17-83
269-->[androidx.work:work-runtime:2.4.0] AndroidManifest.xml:94:25-80
270                <action android:name="android.intent.action.DEVICE_STORAGE_OK" />
270-->[androidx.work:work-runtime:2.4.0] AndroidManifest.xml:95:17-82
270-->[androidx.work:work-runtime:2.4.0] AndroidManifest.xml:95:25-79
271            </intent-filter>
272        </receiver>
273        <receiver
273-->[androidx.work:work-runtime:2.4.0] AndroidManifest.xml:98:9-107:20
274            android:name="androidx.work.impl.background.systemalarm.ConstraintProxy$NetworkStateProxy"
274-->[androidx.work:work-runtime:2.4.0] AndroidManifest.xml:99:13-103
275            android:directBootAware="false"
275-->[androidx.work:work-runtime:2.4.0] AndroidManifest.xml:100:13-44
276            android:enabled="false"
276-->[androidx.work:work-runtime:2.4.0] AndroidManifest.xml:101:13-36
277            android:exported="false" >
277-->[androidx.work:work-runtime:2.4.0] AndroidManifest.xml:102:13-37
278            <intent-filter>
278-->[androidx.work:work-runtime:2.4.0] AndroidManifest.xml:104:13-106:29
279                <action android:name="android.net.conn.CONNECTIVITY_CHANGE" />
279-->[androidx.work:work-runtime:2.4.0] AndroidManifest.xml:105:17-79
279-->[androidx.work:work-runtime:2.4.0] AndroidManifest.xml:105:25-76
280            </intent-filter>
281        </receiver>
282        <receiver
282-->[androidx.work:work-runtime:2.4.0] AndroidManifest.xml:108:9-119:20
283            android:name="androidx.work.impl.background.systemalarm.RescheduleReceiver"
283-->[androidx.work:work-runtime:2.4.0] AndroidManifest.xml:109:13-88
284            android:directBootAware="false"
284-->[androidx.work:work-runtime:2.4.0] AndroidManifest.xml:110:13-44
285            android:enabled="false"
285-->[androidx.work:work-runtime:2.4.0] AndroidManifest.xml:111:13-36
286            android:exported="false" >
286-->[androidx.work:work-runtime:2.4.0] AndroidManifest.xml:112:13-37
287            <intent-filter>
287-->[androidx.work:work-runtime:2.4.0] AndroidManifest.xml:114:13-118:29